{"/Users/Jeremiah/Desktop/TractorReactor/FEC-QandA-Services/Server/dist/database.js": {"path":"/Users/Jeremiah/Desktop/TractorReactor/FEC-QandA-Services/Server/dist/database.js","statementMap":{"0":{"start":{"line":2,"column":16},"end":{"line":10,"column":1}},"1":{"start":{"line":3,"column":28},"end":{"line":3,"column":110}},"2":{"start":{"line":3,"column":91},"end":{"line":3,"column":106}},"3":{"start":{"line":4,"column":4},"end":{"line":9,"column":7}},"4":{"start":{"line":5,"column":36},"end":{"line":5,"column":97}},"5":{"start":{"line":5,"column":42},"end":{"line":5,"column":70}},"6":{"start":{"line":5,"column":85},"end":{"line":5,"column":95}},"7":{"start":{"line":6,"column":35},"end":{"line":6,"column":100}},"8":{"start":{"line":6,"column":41},"end":{"line":6,"column":73}},"9":{"start":{"line":6,"column":88},"end":{"line":6,"column":98}},"10":{"start":{"line":7,"column":32},"end":{"line":7,"column":116}},"11":{"start":{"line":8,"column":8},"end":{"line":8,"column":78}},"12":{"start":{"line":11,"column":0},"end":{"line":11,"column":62}},"13":{"start":{"line":12,"column":0},"end":{"line":12,"column":205}},"14":{"start":{"line":13,"column":19},"end":{"line":13,"column":32}},"15":{"start":{"line":14,"column":15},"end":{"line":20,"column":2}},"16":{"start":{"line":21,"column":0},"end":{"line":21,"column":17}},"17":{"start":{"line":23,"column":21},"end":{"line":65,"column":2}},"18":{"start":{"line":23,"column":43},"end":{"line":65,"column":2}},"19":{"start":{"line":25,"column":24},"end":{"line":58,"column":26}},"20":{"start":{"line":59,"column":22},"end":{"line":59,"column":73}},"21":{"start":{"line":61,"column":4},"end":{"line":64,"column":6}},"22":{"start":{"line":66,"column":0},"end":{"line":66,"column":36}},"23":{"start":{"line":67,"column":19},"end":{"line":92,"column":2}},"24":{"start":{"line":67,"column":42},"end":{"line":92,"column":2}},"25":{"start":{"line":68,"column":24},"end":{"line":84,"column":14}},"26":{"start":{"line":85,"column":20},"end":{"line":85,"column":72}},"27":{"start":{"line":86,"column":4},"end":{"line":91,"column":6}},"28":{"start":{"line":93,"column":0},"end":{"line":93,"column":32}},"29":{"start":{"line":94,"column":21},"end":{"line":98,"column":1}},"30":{"start":{"line":95,"column":24},"end":{"line":96,"column":47}},"31":{"start":{"line":97,"column":4},"end":{"line":97,"column":69}},"32":{"start":{"line":99,"column":0},"end":{"line":99,"column":36}},"33":{"start":{"line":100,"column":19},"end":{"line":109,"column":1}},"34":{"start":{"line":101,"column":24},"end":{"line":107,"column":70}},"35":{"start":{"line":108,"column":4},"end":{"line":108,"column":78}},"36":{"start":{"line":110,"column":0},"end":{"line":110,"column":32}},"37":{"start":{"line":111,"column":27},"end":{"line":120,"column":2}},"38":{"start":{"line":111,"column":43},"end":{"line":120,"column":2}},"39":{"start":{"line":112,"column":24},"end":{"line":112,"column":102}},"40":{"start":{"line":113,"column":4},"end":{"line":119,"column":5}},"41":{"start":{"line":114,"column":27},"end":{"line":114,"column":72}},"42":{"start":{"line":115,"column":8},"end":{"line":115,"column":26}},"43":{"start":{"line":118,"column":8},"end":{"line":118,"column":25}},"44":{"start":{"line":121,"column":0},"end":{"line":121,"column":48}},"45":{"start":{"line":122,"column":26},"end":{"line":130,"column":2}},"46":{"start":{"line":122,"column":42},"end":{"line":130,"column":2}},"47":{"start":{"line":123,"column":24},"end":{"line":123,"column":96}},"48":{"start":{"line":124,"column":4},"end":{"line":129,"column":5}},"49":{"start":{"line":125,"column":27},"end":{"line":125,"column":66}},"50":{"start":{"line":128,"column":8},"end":{"line":128,"column":25}},"51":{"start":{"line":131,"column":0},"end":{"line":131,"column":46}},"52":{"start":{"line":132,"column":25},"end":{"line":140,"column":2}},"53":{"start":{"line":132,"column":39},"end":{"line":140,"column":2}},"54":{"start":{"line":133,"column":24},"end":{"line":133,"column":96}},"55":{"start":{"line":134,"column":4},"end":{"line":139,"column":5}},"56":{"start":{"line":135,"column":27},"end":{"line":135,"column":70}},"57":{"start":{"line":138,"column":8},"end":{"line":138,"column":25}},"58":{"start":{"line":141,"column":0},"end":{"line":141,"column":44}},"59":{"start":{"line":142,"column":24},"end":{"line":150,"column":2}},"60":{"start":{"line":142,"column":38},"end":{"line":150,"column":2}},"61":{"start":{"line":143,"column":24},"end":{"line":143,"column":90}},"62":{"start":{"line":144,"column":4},"end":{"line":149,"column":5}},"63":{"start":{"line":145,"column":27},"end":{"line":145,"column":64}},"64":{"start":{"line":148,"column":8},"end":{"line":148,"column":25}},"65":{"start":{"line":151,"column":0},"end":{"line":151,"column":42}},"66":{"start":{"line":152,"column":0},"end":{"line":162,"column":2}}},"fnMap":{"0":{"name":"(anonymous_0)","decl":{"start":{"line":2,"column":44},"end":{"line":2,"column":45}},"loc":{"start":{"line":2,"column":89},"end":{"line":10,"column":1}},"line":2},"1":{"name":"adopt","decl":{"start":{"line":3,"column":13},"end":{"line":3,"column":18}},"loc":{"start":{"line":3,"column":26},"end":{"line":3,"column":112}},"line":3},"2":{"name":"(anonymous_2)","decl":{"start":{"line":3,"column":70},"end":{"line":3,"column":71}},"loc":{"start":{"line":3,"column":89},"end":{"line":3,"column":108}},"line":3},"3":{"name":"(anonymous_3)","decl":{"start":{"line":4,"column":36},"end":{"line":4,"column":37}},"loc":{"start":{"line":4,"column":63},"end":{"line":9,"column":5}},"line":4},"4":{"name":"fulfilled","decl":{"start":{"line":5,"column":17},"end":{"line":5,"column":26}},"loc":{"start":{"line":5,"column":34},"end":{"line":5,"column":99}},"line":5},"5":{"name":"rejected","decl":{"start":{"line":6,"column":17},"end":{"line":6,"column":25}},"loc":{"start":{"line":6,"column":33},"end":{"line":6,"column":102}},"line":6},"6":{"name":"step","decl":{"start":{"line":7,"column":17},"end":{"line":7,"column":21}},"loc":{"start":{"line":7,"column":30},"end":{"line":7,"column":118}},"line":7},"7":{"name":"(anonymous_7)","decl":{"start":{"line":23,"column":21},"end":{"line":23,"column":22}},"loc":{"start":{"line":23,"column":43},"end":{"line":65,"column":2}},"line":23},"8":{"name":"(anonymous_8)","decl":{"start":{"line":23,"column":77},"end":{"line":23,"column":78}},"loc":{"start":{"line":23,"column":90},"end":{"line":65,"column":1}},"line":23},"9":{"name":"(anonymous_9)","decl":{"start":{"line":67,"column":19},"end":{"line":67,"column":20}},"loc":{"start":{"line":67,"column":42},"end":{"line":92,"column":2}},"line":67},"10":{"name":"(anonymous_10)","decl":{"start":{"line":67,"column":76},"end":{"line":67,"column":77}},"loc":{"start":{"line":67,"column":89},"end":{"line":92,"column":1}},"line":67},"11":{"name":"(anonymous_11)","decl":{"start":{"line":94,"column":21},"end":{"line":94,"column":22}},"loc":{"start":{"line":94,"column":55},"end":{"line":98,"column":1}},"line":94},"12":{"name":"(anonymous_12)","decl":{"start":{"line":100,"column":19},"end":{"line":100,"column":20}},"loc":{"start":{"line":100,"column":62},"end":{"line":109,"column":1}},"line":100},"13":{"name":"(anonymous_13)","decl":{"start":{"line":111,"column":27},"end":{"line":111,"column":28}},"loc":{"start":{"line":111,"column":43},"end":{"line":120,"column":2}},"line":111},"14":{"name":"(anonymous_14)","decl":{"start":{"line":111,"column":77},"end":{"line":111,"column":78}},"loc":{"start":{"line":111,"column":90},"end":{"line":120,"column":1}},"line":111},"15":{"name":"(anonymous_15)","decl":{"start":{"line":122,"column":26},"end":{"line":122,"column":27}},"loc":{"start":{"line":122,"column":42},"end":{"line":130,"column":2}},"line":122},"16":{"name":"(anonymous_16)","decl":{"start":{"line":122,"column":76},"end":{"line":122,"column":77}},"loc":{"start":{"line":122,"column":89},"end":{"line":130,"column":1}},"line":122},"17":{"name":"(anonymous_17)","decl":{"start":{"line":132,"column":25},"end":{"line":132,"column":26}},"loc":{"start":{"line":132,"column":39},"end":{"line":140,"column":2}},"line":132},"18":{"name":"(anonymous_18)","decl":{"start":{"line":132,"column":73},"end":{"line":132,"column":74}},"loc":{"start":{"line":132,"column":86},"end":{"line":140,"column":1}},"line":132},"19":{"name":"(anonymous_19)","decl":{"start":{"line":142,"column":24},"end":{"line":142,"column":25}},"loc":{"start":{"line":142,"column":38},"end":{"line":150,"column":2}},"line":142},"20":{"name":"(anonymous_20)","decl":{"start":{"line":142,"column":72},"end":{"line":142,"column":73}},"loc":{"start":{"line":142,"column":85},"end":{"line":150,"column":1}},"line":142}},"branchMap":{"0":{"loc":{"start":{"line":2,"column":16},"end":{"line":10,"column":1}},"type":"binary-expr","locations":[{"start":{"line":2,"column":17},"end":{"line":2,"column":21}},{"start":{"line":2,"column":25},"end":{"line":2,"column":39}},{"start":{"line":2,"column":44},"end":{"line":10,"column":1}}],"line":2},"1":{"loc":{"start":{"line":3,"column":35},"end":{"line":3,"column":109}},"type":"cond-expr","locations":[{"start":{"line":3,"column":56},"end":{"line":3,"column":61}},{"start":{"line":3,"column":64},"end":{"line":3,"column":109}}],"line":3},"2":{"loc":{"start":{"line":4,"column":16},"end":{"line":4,"column":34}},"type":"binary-expr","locations":[{"start":{"line":4,"column":16},"end":{"line":4,"column":17}},{"start":{"line":4,"column":22},"end":{"line":4,"column":33}}],"line":4},"3":{"loc":{"start":{"line":7,"column":32},"end":{"line":7,"column":115}},"type":"cond-expr","locations":[{"start":{"line":7,"column":46},"end":{"line":7,"column":67}},{"start":{"line":7,"column":70},"end":{"line":7,"column":115}}],"line":7},"4":{"loc":{"start":{"line":8,"column":51},"end":{"line":8,"column":67}},"type":"binary-expr","locations":[{"start":{"line":8,"column":51},"end":{"line":8,"column":61}},{"start":{"line":8,"column":65},"end":{"line":8,"column":67}}],"line":8}},"s":{"0":1,"1":0,"2":0,"3":0,"4":0,"5":0,"6":0,"7":0,"8":0,"9":0,"10":0,"11":0,"12":1,"13":1,"14":1,"15":1,"16":1,"17":1,"18":0,"19":0,"20":0,"21":0,"22":1,"23":1,"24":0,"25":0,"26":0,"27":0,"28":1,"29":1,"30":0,"31":0,"32":1,"33":1,"34":0,"35":0,"36":1,"37":1,"38":0,"39":0,"40":0,"41":0,"42":0,"43":0,"44":1,"45":1,"46":0,"47":0,"48":0,"49":0,"50":0,"51":1,"52":1,"53":0,"54":0,"55":0,"56":0,"57":0,"58":1,"59":1,"60":0,"61":0,"62":0,"63":0,"64":0,"65":1,"66":1},"f":{"0":0,"1":0,"2":0,"3":0,"4":0,"5":0,"6":0,"7":0,"8":0,"9":0,"10":0,"11":0,"12":0,"13":0,"14":0,"15":0,"16":0,"17":0,"18":0,"19":0,"20":0},"b":{"0":[1,1,1],"1":[0,0],"2":[0,0],"3":[0,0],"4":[0,0]},"_coverageSchema":"1a1c01bbd47fc00a2c39e90264f33305004495a9","hash":"f24c73ca8e2c59d86638588afe251f25f2ef315a"}
}
