{"/Users/Jeremiah/Desktop/TractorReactor/fec-QandA-Services/Server/dist/database.js": {"path":"/Users/Jeremiah/Desktop/TractorReactor/fec-QandA-Services/Server/dist/database.js","statementMap":{"0":{"start":{"line":2,"column":16},"end":{"line":10,"column":1}},"1":{"start":{"line":3,"column":28},"end":{"line":3,"column":110}},"2":{"start":{"line":3,"column":91},"end":{"line":3,"column":106}},"3":{"start":{"line":4,"column":4},"end":{"line":9,"column":7}},"4":{"start":{"line":5,"column":36},"end":{"line":5,"column":97}},"5":{"start":{"line":5,"column":42},"end":{"line":5,"column":70}},"6":{"start":{"line":5,"column":85},"end":{"line":5,"column":95}},"7":{"start":{"line":6,"column":35},"end":{"line":6,"column":100}},"8":{"start":{"line":6,"column":41},"end":{"line":6,"column":73}},"9":{"start":{"line":6,"column":88},"end":{"line":6,"column":98}},"10":{"start":{"line":7,"column":32},"end":{"line":7,"column":116}},"11":{"start":{"line":8,"column":8},"end":{"line":8,"column":78}},"12":{"start":{"line":11,"column":0},"end":{"line":11,"column":62}},"13":{"start":{"line":12,"column":0},"end":{"line":12,"column":205}},"14":{"start":{"line":13,"column":0},"end":{"line":13,"column":27}},"15":{"start":{"line":14,"column":19},"end":{"line":14,"column":32}},"16":{"start":{"line":15,"column":15},"end":{"line":21,"column":2}},"17":{"start":{"line":22,"column":0},"end":{"line":22,"column":17}},"18":{"start":{"line":23,"column":21},"end":{"line":46,"column":1}},"19":{"start":{"line":24,"column":24},"end":{"line":44,"column":12}},"20":{"start":{"line":45,"column":4},"end":{"line":45,"column":57}},"21":{"start":{"line":47,"column":0},"end":{"line":47,"column":36}},"22":{"start":{"line":48,"column":19},"end":{"line":66,"column":1}},"23":{"start":{"line":49,"column":24},"end":{"line":64,"column":12}},"24":{"start":{"line":65,"column":4},"end":{"line":65,"column":58}},"25":{"start":{"line":67,"column":0},"end":{"line":67,"column":32}},"26":{"start":{"line":68,"column":21},"end":{"line":72,"column":1}},"27":{"start":{"line":69,"column":24},"end":{"line":70,"column":47}},"28":{"start":{"line":71,"column":4},"end":{"line":71,"column":69}},"29":{"start":{"line":73,"column":0},"end":{"line":73,"column":36}},"30":{"start":{"line":74,"column":19},"end":{"line":83,"column":1}},"31":{"start":{"line":75,"column":24},"end":{"line":81,"column":70}},"32":{"start":{"line":82,"column":4},"end":{"line":82,"column":78}},"33":{"start":{"line":84,"column":0},"end":{"line":84,"column":32}},"34":{"start":{"line":85,"column":27},"end":{"line":88,"column":2}},"35":{"start":{"line":85,"column":43},"end":{"line":88,"column":2}},"36":{"start":{"line":86,"column":24},"end":{"line":86,"column":102}},"37":{"start":{"line":87,"column":4},"end":{"line":87,"column":51}},"38":{"start":{"line":89,"column":0},"end":{"line":89,"column":48}},"39":{"start":{"line":90,"column":26},"end":{"line":93,"column":2}},"40":{"start":{"line":90,"column":42},"end":{"line":93,"column":2}},"41":{"start":{"line":91,"column":24},"end":{"line":91,"column":96}},"42":{"start":{"line":92,"column":4},"end":{"line":92,"column":51}},"43":{"start":{"line":94,"column":0},"end":{"line":94,"column":46}},"44":{"start":{"line":95,"column":25},"end":{"line":98,"column":2}},"45":{"start":{"line":95,"column":39},"end":{"line":98,"column":2}},"46":{"start":{"line":96,"column":24},"end":{"line":96,"column":96}},"47":{"start":{"line":97,"column":4},"end":{"line":97,"column":49}},"48":{"start":{"line":99,"column":0},"end":{"line":99,"column":44}},"49":{"start":{"line":100,"column":24},"end":{"line":103,"column":2}},"50":{"start":{"line":100,"column":38},"end":{"line":103,"column":2}},"51":{"start":{"line":101,"column":24},"end":{"line":101,"column":90}},"52":{"start":{"line":102,"column":4},"end":{"line":102,"column":49}},"53":{"start":{"line":104,"column":0},"end":{"line":104,"column":42}},"54":{"start":{"line":105,"column":0},"end":{"line":115,"column":2}}},"fnMap":{"0":{"name":"(anonymous_0)","decl":{"start":{"line":2,"column":44},"end":{"line":2,"column":45}},"loc":{"start":{"line":2,"column":89},"end":{"line":10,"column":1}},"line":2},"1":{"name":"adopt","decl":{"start":{"line":3,"column":13},"end":{"line":3,"column":18}},"loc":{"start":{"line":3,"column":26},"end":{"line":3,"column":112}},"line":3},"2":{"name":"(anonymous_2)","decl":{"start":{"line":3,"column":70},"end":{"line":3,"column":71}},"loc":{"start":{"line":3,"column":89},"end":{"line":3,"column":108}},"line":3},"3":{"name":"(anonymous_3)","decl":{"start":{"line":4,"column":36},"end":{"line":4,"column":37}},"loc":{"start":{"line":4,"column":63},"end":{"line":9,"column":5}},"line":4},"4":{"name":"fulfilled","decl":{"start":{"line":5,"column":17},"end":{"line":5,"column":26}},"loc":{"start":{"line":5,"column":34},"end":{"line":5,"column":99}},"line":5},"5":{"name":"rejected","decl":{"start":{"line":6,"column":17},"end":{"line":6,"column":25}},"loc":{"start":{"line":6,"column":33},"end":{"line":6,"column":102}},"line":6},"6":{"name":"step","decl":{"start":{"line":7,"column":17},"end":{"line":7,"column":21}},"loc":{"start":{"line":7,"column":30},"end":{"line":7,"column":118}},"line":7},"7":{"name":"(anonymous_7)","decl":{"start":{"line":23,"column":21},"end":{"line":23,"column":22}},"loc":{"start":{"line":23,"column":43},"end":{"line":46,"column":1}},"line":23},"8":{"name":"(anonymous_8)","decl":{"start":{"line":48,"column":19},"end":{"line":48,"column":20}},"loc":{"start":{"line":48,"column":42},"end":{"line":66,"column":1}},"line":48},"9":{"name":"(anonymous_9)","decl":{"start":{"line":68,"column":21},"end":{"line":68,"column":22}},"loc":{"start":{"line":68,"column":55},"end":{"line":72,"column":1}},"line":68},"10":{"name":"(anonymous_10)","decl":{"start":{"line":74,"column":19},"end":{"line":74,"column":20}},"loc":{"start":{"line":74,"column":62},"end":{"line":83,"column":1}},"line":74},"11":{"name":"(anonymous_11)","decl":{"start":{"line":85,"column":27},"end":{"line":85,"column":28}},"loc":{"start":{"line":85,"column":43},"end":{"line":88,"column":2}},"line":85},"12":{"name":"(anonymous_12)","decl":{"start":{"line":85,"column":77},"end":{"line":85,"column":78}},"loc":{"start":{"line":85,"column":90},"end":{"line":88,"column":1}},"line":85},"13":{"name":"(anonymous_13)","decl":{"start":{"line":90,"column":26},"end":{"line":90,"column":27}},"loc":{"start":{"line":90,"column":42},"end":{"line":93,"column":2}},"line":90},"14":{"name":"(anonymous_14)","decl":{"start":{"line":90,"column":76},"end":{"line":90,"column":77}},"loc":{"start":{"line":90,"column":89},"end":{"line":93,"column":1}},"line":90},"15":{"name":"(anonymous_15)","decl":{"start":{"line":95,"column":25},"end":{"line":95,"column":26}},"loc":{"start":{"line":95,"column":39},"end":{"line":98,"column":2}},"line":95},"16":{"name":"(anonymous_16)","decl":{"start":{"line":95,"column":73},"end":{"line":95,"column":74}},"loc":{"start":{"line":95,"column":86},"end":{"line":98,"column":1}},"line":95},"17":{"name":"(anonymous_17)","decl":{"start":{"line":100,"column":24},"end":{"line":100,"column":25}},"loc":{"start":{"line":100,"column":38},"end":{"line":103,"column":2}},"line":100},"18":{"name":"(anonymous_18)","decl":{"start":{"line":100,"column":72},"end":{"line":100,"column":73}},"loc":{"start":{"line":100,"column":85},"end":{"line":103,"column":1}},"line":100}},"branchMap":{"0":{"loc":{"start":{"line":2,"column":16},"end":{"line":10,"column":1}},"type":"binary-expr","locations":[{"start":{"line":2,"column":17},"end":{"line":2,"column":21}},{"start":{"line":2,"column":25},"end":{"line":2,"column":39}},{"start":{"line":2,"column":44},"end":{"line":10,"column":1}}],"line":2},"1":{"loc":{"start":{"line":3,"column":35},"end":{"line":3,"column":109}},"type":"cond-expr","locations":[{"start":{"line":3,"column":56},"end":{"line":3,"column":61}},{"start":{"line":3,"column":64},"end":{"line":3,"column":109}}],"line":3},"2":{"loc":{"start":{"line":4,"column":16},"end":{"line":4,"column":34}},"type":"binary-expr","locations":[{"start":{"line":4,"column":16},"end":{"line":4,"column":17}},{"start":{"line":4,"column":22},"end":{"line":4,"column":33}}],"line":4},"3":{"loc":{"start":{"line":7,"column":32},"end":{"line":7,"column":115}},"type":"cond-expr","locations":[{"start":{"line":7,"column":46},"end":{"line":7,"column":67}},{"start":{"line":7,"column":70},"end":{"line":7,"column":115}}],"line":7},"4":{"loc":{"start":{"line":8,"column":51},"end":{"line":8,"column":67}},"type":"binary-expr","locations":[{"start":{"line":8,"column":51},"end":{"line":8,"column":61}},{"start":{"line":8,"column":65},"end":{"line":8,"column":67}}],"line":8}},"s":{"0":1,"1":0,"2":0,"3":0,"4":0,"5":0,"6":0,"7":0,"8":0,"9":0,"10":0,"11":0,"12":1,"13":1,"14":1,"15":1,"16":1,"17":1,"18":1,"19":0,"20":0,"21":1,"22":1,"23":0,"24":0,"25":1,"26":1,"27":0,"28":0,"29":1,"30":1,"31":0,"32":0,"33":1,"34":1,"35":0,"36":0,"37":0,"38":1,"39":1,"40":0,"41":0,"42":0,"43":1,"44":1,"45":0,"46":0,"47":0,"48":1,"49":1,"50":0,"51":0,"52":0,"53":1,"54":1},"f":{"0":0,"1":0,"2":0,"3":0,"4":0,"5":0,"6":0,"7":0,"8":0,"9":0,"10":0,"11":0,"12":0,"13":0,"14":0,"15":0,"16":0,"17":0,"18":0},"b":{"0":[1,1,1],"1":[0,0],"2":[0,0],"3":[0,0],"4":[0,0]},"_coverageSchema":"1a1c01bbd47fc00a2c39e90264f33305004495a9","hash":"0d4d90f699f04aebb9fa46981bf3ffa18640d4ca"}
}
