TN:
SF:Server/dist/database.js
FN:2,(anonymous_0)
FN:3,adopt
FN:3,(anonymous_2)
FN:4,(anonymous_3)
FN:5,fulfilled
FN:6,rejected
FN:7,step
FN:23,(anonymous_7)
FN:23,(anonymous_8)
FN:67,(anonymous_9)
FN:67,(anonymous_10)
FN:94,(anonymous_11)
FN:100,(anonymous_12)
FN:111,(anonymous_13)
FN:111,(anonymous_14)
FN:122,(anonymous_15)
FN:122,(anonymous_16)
FN:132,(anonymous_17)
FN:132,(anonymous_18)
FN:142,(anonymous_19)
FN:142,(anonymous_20)
FNF:21
FNH:0
FNDA:0,(anonymous_0)
FNDA:0,adopt
FNDA:0,(anonymous_2)
FNDA:0,(anonymous_3)
FNDA:0,fulfilled
FNDA:0,rejected
FNDA:0,step
FNDA:0,(anonymous_7)
FNDA:0,(anonymous_8)
FNDA:0,(anonymous_9)
FNDA:0,(anonymous_10)
FNDA:0,(anonymous_11)
FNDA:0,(anonymous_12)
FNDA:0,(anonymous_13)
FNDA:0,(anonymous_14)
FNDA:0,(anonymous_15)
FNDA:0,(anonymous_16)
FNDA:0,(anonymous_17)
FNDA:0,(anonymous_18)
FNDA:0,(anonymous_19)
FNDA:0,(anonymous_20)
DA:2,1
DA:3,0
DA:4,0
DA:5,0
DA:6,0
DA:7,0
DA:8,0
DA:11,1
DA:12,1
DA:13,1
DA:14,1
DA:21,1
DA:23,1
DA:25,0
DA:59,0
DA:61,0
DA:66,1
DA:67,1
DA:68,0
DA:85,0
DA:86,0
DA:93,1
DA:94,1
DA:95,0
DA:97,0
DA:99,1
DA:100,1
DA:101,0
DA:108,0
DA:110,1
DA:111,1
DA:112,0
DA:113,0
DA:114,0
DA:115,0
DA:118,0
DA:121,1
DA:122,1
DA:123,0
DA:124,0
DA:125,0
DA:128,0
DA:131,1
DA:132,1
DA:133,0
DA:134,0
DA:135,0
DA:138,0
DA:141,1
DA:142,1
DA:143,0
DA:144,0
DA:145,0
DA:148,0
DA:151,1
DA:152,1
LF:56
LH:23
BRDA:2,0,0,1
BRDA:2,0,1,1
BRDA:2,0,2,1
BRDA:3,1,0,0
BRDA:3,1,1,0
BRDA:4,2,0,0
BRDA:4,2,1,0
BRDA:7,3,0,0
BRDA:7,3,1,0
BRDA:8,4,0,0
BRDA:8,4,1,0
BRF:11
BRH:3
end_of_record
