TN:
SF:Server/dist/database.js
FN:2,(anonymous_0)
FN:3,adopt
FN:3,(anonymous_2)
FN:4,(anonymous_3)
FN:5,fulfilled
FN:6,rejected
FN:7,step
FN:23,(anonymous_7)
FN:48,(anonymous_8)
FN:68,(anonymous_9)
FN:74,(anonymous_10)
FN:85,(anonymous_11)
FN:85,(anonymous_12)
FN:90,(anonymous_13)
FN:90,(anonymous_14)
FN:95,(anonymous_15)
FN:95,(anonymous_16)
FN:100,(anonymous_17)
FN:100,(anonymous_18)
FNF:19
FNH:0
FNDA:0,(anonymous_0)
FNDA:0,adopt
FNDA:0,(anonymous_2)
FNDA:0,(anonymous_3)
FNDA:0,fulfilled
FNDA:0,rejected
FNDA:0,step
FNDA:0,(anonymous_7)
FNDA:0,(anonymous_8)
FNDA:0,(anonymous_9)
FNDA:0,(anonymous_10)
FNDA:0,(anonymous_11)
FNDA:0,(anonymous_12)
FNDA:0,(anonymous_13)
FNDA:0,(anonymous_14)
FNDA:0,(anonymous_15)
FNDA:0,(anonymous_16)
FNDA:0,(anonymous_17)
FNDA:0,(anonymous_18)
DA:2,1
DA:3,0
DA:4,0
DA:5,0
DA:6,0
DA:7,0
DA:8,0
DA:11,1
DA:12,1
DA:13,1
DA:14,1
DA:15,1
DA:22,1
DA:23,1
DA:24,0
DA:45,0
DA:47,1
DA:48,1
DA:49,0
DA:65,0
DA:67,1
DA:68,1
DA:69,0
DA:71,0
DA:73,1
DA:74,1
DA:75,0
DA:82,0
DA:84,1
DA:85,1
DA:86,0
DA:87,0
DA:89,1
DA:90,1
DA:91,0
DA:92,0
DA:94,1
DA:95,1
DA:96,0
DA:97,0
DA:99,1
DA:100,1
DA:101,0
DA:102,0
DA:104,1
DA:105,1
LF:46
LH:24
BRDA:2,0,0,1
BRDA:2,0,1,1
BRDA:2,0,2,1
BRDA:3,1,0,0
BRDA:3,1,1,0
BRDA:4,2,0,0
BRDA:4,2,1,0
BRDA:7,3,0,0
BRDA:7,3,1,0
BRDA:8,4,0,0
BRDA:8,4,1,0
BRF:11
BRH:3
end_of_record
